<?xml version="1.0" encoding="UTF-8"?>
<!-- Generated by org.testng.reporters.JUnitReportReporter -->
<testsuite hostname="DESKTOP-VT2BQ7B" failures="0" tests="3" name="dropdown.Autosuggestion_googlesearch" time="34.224" errors="0" timestamp="2022-09-21T23:52:54 EDT" skipped="0">
  <testcase classname="dropdown.Autosuggestion_googlesearch" name="googlesearch" time="13.149"/>
  <system-out/>
  <testcase classname="dropdown.Autosuggestion_googlesearch" name="googlesearch" time="10.844"/>
  <system-out/>
  <testcase classname="dropdown.Autosuggestion_googlesearch" name="googlesearch" time="10.231"/>
  <system-out/>
</testsuite> <!-- dropdown.Autosuggestion_googlesearch -->
