<?xml version="1.0" encoding="UTF-8"?>
<!-- Generated by org.testng.reporters.JUnitReportReporter -->
<testsuite hostname="DESKTOP-VT2BQ7B" failures="0" tests="3" name="DemoQA_practice.Doubleclick_rightclick_alert" time="21.991" errors="0" timestamp="2022-11-04T11:52:35 EDT" skipped="0">
  <testcase classname="DemoQA_practice.Doubleclick_rightclick_alert" name="doubleclick" time="8.446"/>
  <system-out/>
  <testcase classname="DemoQA_practice.Doubleclick_rightclick_alert" name="rightclicwith_Alert" time="7.858"/>
  <system-out/>
  <testcase classname="DemoQA_practice.Doubleclick_rightclick_alert" name="rightclick" time="5.687"/>
  <system-out/>
</testsuite> <!-- DemoQA_practice.Doubleclick_rightclick_alert -->
