<?xml version="1.0" encoding="UTF-8"?>
<!-- Generated by org.testng.reporters.JUnitReportReporter -->
<testsuite hostname="DESKTOP-VT2BQ7B" failures="0" tests="4" name="TestNG_Framework.TestNG_part2" time="23.149" errors="0" timestamp="2022-06-02T11:57:55 EDT" skipped="0">
  <testcase classname="TestNG_Framework.TestNG_part2" name="enterusername" time="7.298"/>
  <system-out/>
  <testcase classname="TestNG_Framework.TestNG_part2" name="password" time="5.330"/>
  <system-out/>
  <testcase classname="TestNG_Framework.TestNG_part2" name="logout" time="5.430"/>
  <system-out/>
  <testcase classname="TestNG_Framework.TestNG_part2" name="clicksignin" time="5.091"/>
  <system-out/>
</testsuite> <!-- TestNG_Framework.TestNG_part2 -->
