<?xml version="1.0" encoding="UTF-8"?>
<!-- Generated by org.testng.reporters.JUnitReportReporter -->
<testsuite hostname="DESKTOP-VT2BQ7B" failures="0" tests="1" name="Handlelinks.handleBrokenLink" time="8.211" errors="0" timestamp="2022-09-07T11:34:04 EDT" skipped="0">
  <testcase classname="Handlelinks.handleBrokenLink" name="Pawan_BrokenLInk" time="8.211"/>
  <system-out/>
</testsuite> <!-- Handlelinks.handleBrokenLink -->
