<?xml version="1.0" encoding="UTF-8"?>
<!-- Generated by org.testng.reporters.JUnitReportReporter -->
<testsuite hostname="DESKTOP-VT2BQ7B" failures="0" tests="1" name="keyboard_Actuions.Keyboard_Actions" time="11.625" errors="0" timestamp="2022-09-19T17:04:31 EDT" skipped="0">
  <testcase classname="keyboard_Actuions.Keyboard_Actions" name="keyboardaction" time="11.625"/>
  <system-out/>
</testsuite> <!-- keyboard_Actuions.Keyboard_Actions -->
