<?xml version="1.0" encoding="UTF-8"?>
<!-- Generated by org.testng.reporters.JUnitReportReporter -->
<testsuite hostname="DESKTOP-VT2BQ7B" failures="0" tests="4" name="TestNG_Framework.TestNG_Framework2" time="27.099" errors="0" timestamp="2022-06-07T14:15:13 EDT" skipped="0">
  <testcase classname="TestNG_Framework.TestNG_Framework2" name="enterusername" time="6.932"/>
  <system-out/>
  <testcase classname="TestNG_Framework.TestNG_Framework2" name="password" time="6.040"/>
  <system-out/>
  <testcase classname="TestNG_Framework.TestNG_Framework2" name="logout" time="7.964"/>
  <system-out/>
  <testcase classname="TestNG_Framework.TestNG_Framework2" name="clicksignin" time="6.163"/>
  <system-out/>
</testsuite> <!-- TestNG_Framework.TestNG_Framework2 -->
