<?xml version="1.0" encoding="UTF-8"?>
<!-- Generated by org.testng.reporters.JUnitReportReporter -->
<testsuite hostname="DESKTOP-VT2BQ7B" failures="0" tests="5" name="TestNG_Framework.TestNg_DependsOnFeature" time="8.792" errors="0" timestamp="2022-06-07T14:15:13 EDT" skipped="0">
  <testcase classname="TestNG_Framework.TestNg_DependsOnFeature" name="launchurl3" time="0.002"/>
  <system-out/>
  <testcase classname="TestNG_Framework.TestNg_DependsOnFeature" name="launchurl" time="2.283"/>
  <system-out/>
  <testcase classname="TestNG_Framework.TestNg_DependsOnFeature" name="launchbrowser" time="6.502"/>
  <system-out/>
  <testcase classname="TestNG_Framework.TestNg_DependsOnFeature" name="launchurl1" time="0.003"/>
  <system-out/>
  <testcase classname="TestNG_Framework.TestNg_DependsOnFeature" name="launchurl2" time="0.002"/>
  <system-out/>
</testsuite> <!-- TestNG_Framework.TestNg_DependsOnFeature -->
