<?xml version="1.0" encoding="UTF-8"?>
<!-- Generated by org.testng.reporters.JUnitReportReporter -->
<testsuite hostname="DESKTOP-VT2BQ7B" failures="0" tests="5" name="TestNG_Framework.TestNg_DependsOnFeature" time="7.527" errors="0" timestamp="2022-08-06T17:52:29 EDT" skipped="0">
  <testcase classname="TestNG_Framework.TestNg_DependsOnFeature" name="launchbrowser" time="3.318"/>
  <system-out/>
  <testcase classname="TestNG_Framework.TestNg_DependsOnFeature" name="launchurl" time="4.126"/>
  <system-out/>
  <testcase classname="TestNG_Framework.TestNg_DependsOnFeature" name="launchurl3" time="0.033"/>
  <system-out/>
  <testcase classname="TestNG_Framework.TestNg_DependsOnFeature" name="launchurl1" time="0.023"/>
  <system-out/>
  <testcase classname="TestNG_Framework.TestNg_DependsOnFeature" name="launchurl2" time="0.027"/>
  <system-out/>
</testsuite> <!-- TestNG_Framework.TestNg_DependsOnFeature -->
