<?xml version="1.0" encoding="UTF-8"?>
<!-- Generated by org.testng.reporters.JUnitReportReporter -->
<testsuite hostname="DESKTOP-VT2BQ7B" failures="0" tests="3" name="dropdown.Autosuggestion_googlesearch" time="34.350" errors="0" timestamp="2022-12-08T23:47:17 EST" skipped="0">
  <testcase classname="dropdown.Autosuggestion_googlesearch" name="googlesearch" time="12.913"/>
  <system-out/>
  <testcase classname="dropdown.Autosuggestion_googlesearch" name="googlesearch" time="10.724"/>
  <system-out/>
  <testcase classname="dropdown.Autosuggestion_googlesearch" name="googlesearch" time="10.713"/>
  <system-out/>
</testsuite> <!-- dropdown.Autosuggestion_googlesearch -->
