<?xml version="1.0" encoding="UTF-8"?>
<!-- Generated by org.testng.reporters.JUnitReportReporter -->
<testsuite hostname="DESKTOP-VT2BQ7B" failures="0" tests="1" name="DatePicker.DatePicker_Pawan" time="13.805" errors="0" timestamp="2022-09-21T23:49:05 EDT" skipped="0">
  <testcase classname="DatePicker.DatePicker_Pawan" name="pawanDatePicker" time="13.805"/>
  <system-out/>
</testsuite> <!-- DatePicker.DatePicker_Pawan -->
