<?xml version="1.0" encoding="UTF-8"?>
<!-- Generated by org.testng.reporters.JUnitReportReporter -->
<testsuite hostname="DESKTOP-VT2BQ7B" failures="0" tests="2" name="TestNG_Framework.GoogleTitleTestAssertcommand" time="11.013" errors="0" timestamp="2022-11-07T13:53:21 EST" skipped="0">
  <testcase classname="TestNG_Framework.GoogleTitleTestAssertcommand" name="gogglelogoTest" time="6.394"/>
  <system-out/>
  <testcase classname="TestNG_Framework.GoogleTitleTestAssertcommand" name="googletitletest" time="4.619"/>
  <system-out/>
</testsuite> <!-- TestNG_Framework.GoogleTitleTestAssertcommand -->
