<?xml version="1.0" encoding="UTF-8"?>
<!-- Generated by org.testng.reporters.JUnitReportReporter -->
<testsuite hostname="DESKTOP-VT2BQ7B" failures="0" tests="3" name="MouseHoverAction.Doubleclick_rightclick_alert" time="23.596" errors="0" timestamp="2023-03-26T16:31:09 EDT" skipped="0">
  <testcase classname="MouseHoverAction.Doubleclick_rightclick_alert" name="doubleclick" time="8.627"/>
  <system-out/>
  <testcase classname="MouseHoverAction.Doubleclick_rightclick_alert" name="rightclick" time="5.996"/>
  <system-out/>
  <testcase classname="MouseHoverAction.Doubleclick_rightclick_alert" name="rightclicwith_Alert" time="8.973"/>
  <system-out/>
</testsuite> <!-- MouseHoverAction.Doubleclick_rightclick_alert -->
