<?xml version="1.0" encoding="UTF-8"?>
<!-- Generated by org.testng.reporters.JUnitReportReporter -->
<testsuite hostname="DESKTOP-VT2BQ7B" failures="0" tests="1" name="Daily_Practice.DailyPractice_2" time="10.720" errors="0" timestamp="2022-06-17T10:32:16 EDT" skipped="0">
  <testcase classname="Daily_Practice.DailyPractice_2" name="tarleshdriver" time="10.720"/>
  <system-out/>
</testsuite> <!-- Daily_Practice.DailyPractice_2 -->
