<?xml version="1.0" encoding="UTF-8"?>
<!-- Generated by org.testng.reporters.JUnitReportReporter -->
<testsuite hostname="DESKTOP-VT2BQ7B" failures="0" tests="1" name="ScreenShot.Fullpage_Screenshot" time="5.545" errors="0" timestamp="2022-09-19T23:31:12 EDT" skipped="0">
  <testcase classname="ScreenShot.Fullpage_Screenshot" name="fullpage_Screenshot" time="5.545"/>
  <system-out/>
</testsuite> <!-- ScreenShot.Fullpage_Screenshot -->
