<?xml version="1.0" encoding="UTF-8"?>
<!-- Generated by org.testng.reporters.JUnitReportReporter -->
<testsuite hostname="DESKTOP-VT2BQ7B" failures="0" tests="1" name="Handlelinks.handleBrokenLink" time="15.013" errors="0" timestamp="2022-11-07T16:41:09 EST" skipped="0">
  <testcase classname="Handlelinks.handleBrokenLink" name="Pawan_BrokenLInk" time="15.013"/>
  <system-out/>
</testsuite> <!-- Handlelinks.handleBrokenLink -->
