<?xml version="1.0" encoding="UTF-8"?>
<!-- Generated by org.testng.reporters.JUnitReportReporter -->
<testsuite hostname="DESKTOP-VT2BQ7B" failures="0" tests="3" name="DemoQA_practice.Doubleclick_rightclick_alert" time="20.997" errors="0" timestamp="2023-02-15T00:15:01 EST" skipped="0">
  <testcase classname="DemoQA_practice.Doubleclick_rightclick_alert" name="doubleclick" time="8.079"/>
  <system-out/>
  <testcase classname="DemoQA_practice.Doubleclick_rightclick_alert" name="rightclick" time="5.109"/>
  <system-out/>
  <testcase classname="DemoQA_practice.Doubleclick_rightclick_alert" name="rightclicwith_Alert" time="7.809"/>
  <system-out/>
</testsuite> <!-- DemoQA_practice.Doubleclick_rightclick_alert -->
