<?xml version="1.0" encoding="UTF-8"?>
<!-- Generated by org.testng.reporters.JUnitReportReporter -->
<testsuite hostname="DESKTOP-VT2BQ7B" failures="0" tests="1" name="keyboard_Actuions.Multiplekey_action" time="35.091" errors="0" timestamp="2023-01-18T22:57:18 EST" skipped="0">
  <testcase classname="keyboard_Actuions.Multiplekey_action" name="Multiplekey_operation" time="35.091"/>
  <system-out/>
</testsuite> <!-- keyboard_Actuions.Multiplekey_action -->
