<?xml version="1.0" encoding="UTF-8"?>
<!-- Generated by org.testng.reporters.JUnitReportReporter -->
<testsuite hostname="DESKTOP-VT2BQ7B" failures="0" tests="1" name="HandlingWebTable.Pawan_WEBTABLE_Handling" time="10.314" errors="0" timestamp="2022-11-07T16:42:07 EST" skipped="0">
  <testcase classname="HandlingWebTable.Pawan_WEBTABLE_Handling" name="pawanWEBTABLE" time="10.314"/>
  <system-out/>
</testsuite> <!-- HandlingWebTable.Pawan_WEBTABLE_Handling -->
