<?xml version="1.0" encoding="UTF-8"?>
<!-- Generated by org.testng.reporters.JUnitReportReporter -->
<testsuite hostname="DESKTOP-VT2BQ7B" failures="0" tests="3" name="TestNG_Framework.TestNG_Framework1" time="1.379" errors="0" timestamp="2023-12-08T18:13:04 EST" skipped="0">
  <testcase classname="TestNG_Framework.TestNG_Framework1" name="googletitletest" time="0.644"/>
  <system-out/>
  <testcase classname="TestNG_Framework.TestNG_Framework1" name="searchtest" time="0.044"/>
  <system-out/>
  <testcase classname="TestNG_Framework.TestNG_Framework1" name="googlelogotest" time="0.691"/>
  <system-out/>
</testsuite> <!-- TestNG_Framework.TestNG_Framework1 -->
