<?xml version="1.0" encoding="UTF-8"?>
<!-- Generated by org.testng.reporters.JUnitReportReporter -->
<testsuite hostname="DESKTOP-VT2BQ7B" failures="0" tests="1" name="DemoQA_practice.demoqa_Practice" time="11.528" errors="0" timestamp="2022-07-28T18:26:19 EDT" skipped="0">
  <testcase classname="DemoQA_practice.demoqa_Practice" name="doubleclick" time="11.528"/>
  <system-out/>
</testsuite> <!-- DemoQA_practice.demoqa_Practice -->
