<?xml version="1.0" encoding="UTF-8"?>
<!-- Generated by org.testng.reporters.JUnitReportReporter -->
<testsuite hostname="DESKTOP-VT2BQ7B" failures="0" tests="1" name="TestNG_Framework.ExceptionTimeoutTEst" time="0.001" errors="0" timestamp="2022-06-07T14:15:13 EDT" skipped="0">
  <testcase classname="TestNG_Framework.ExceptionTimeoutTEst" name="test1" time="0.001"/>
  <system-out/>
</testsuite> <!-- TestNG_Framework.ExceptionTimeoutTEst -->
