<?xml version="1.0" encoding="UTF-8"?>
<!-- Generated by org.testng.reporters.JUnitReportReporter -->
<testsuite hostname="DESKTOP-VT2BQ7B" failures="0" tests="5" name="TestNG_Framework.InvocationCountTest" time="1.121" errors="0" timestamp="2022-08-06T17:56:22 EDT" skipped="0">
  <testcase classname="TestNG_Framework.InvocationCountTest" name="sum" time="0.031"/>
  <system-out/>
  <testcase classname="TestNG_Framework.InvocationCountTest" name="sum" time="0.028"/>
  <system-out/>
  <testcase classname="TestNG_Framework.InvocationCountTest" name="sum" time="0.025"/>
  <system-out/>
  <testcase classname="TestNG_Framework.InvocationCountTest" name="sum" time="1.010"/>
  <system-out/>
  <testcase classname="TestNG_Framework.InvocationCountTest" name="sum" time="0.027"/>
  <system-out/>
</testsuite> <!-- TestNG_Framework.InvocationCountTest -->
