<?xml version="1.0" encoding="UTF-8"?>
<!-- Generated by org.testng.reporters.JUnitReportReporter -->
<testsuite hostname="DESKTOP-VT2BQ7B" failures="0" tests="3" name="TestNG_Framework.TestNG_Framework1" time="0.089" errors="0" timestamp="2022-08-06T17:52:29 EDT" skipped="0">
  <testcase classname="TestNG_Framework.TestNG_Framework1" name="googletitletest" time="0.029"/>
  <system-out/>
  <testcase classname="TestNG_Framework.TestNG_Framework1" name="searchtest" time="0.033"/>
  <system-out/>
  <testcase classname="TestNG_Framework.TestNG_Framework1" name="googlelogotest" time="0.027"/>
  <system-out/>
</testsuite> <!-- TestNG_Framework.TestNG_Framework1 -->
