<?xml version="1.0" encoding="UTF-8"?>
<!-- Generated by org.testng.reporters.JUnitReportReporter -->
<testsuite hostname="DESKTOP-VT2BQ7B" failures="0" tests="1" name="TestNG_Framework.ExceptionTimeoutTEst" time="0.946" errors="0" timestamp="2023-02-06T23:38:18 EST" skipped="0">
  <testcase classname="TestNG_Framework.ExceptionTimeoutTEst" name="test1" time="0.946"/>
  <system-out/>
</testsuite> <!-- TestNG_Framework.ExceptionTimeoutTEst -->
