<?xml version="1.0" encoding="UTF-8"?>
<!-- Generated by org.testng.reporters.JUnitReportReporter -->
<testsuite hostname="DESKTOP-VT2BQ7B" failures="0" tests="1" name="CSS_Value_Validate_Text_Colour.How_To_Verify_The_Element_colour" time="5.311" errors="0" timestamp="2023-04-04T23:32:24 EDT" skipped="0">
  <testcase classname="CSS_Value_Validate_Text_Colour.How_To_Verify_The_Element_colour" name="verifycolour" time="5.311"/>
  <system-out/>
</testsuite> <!-- CSS_Value_Validate_Text_Colour.How_To_Verify_The_Element_colour -->
