<?xml version="1.0" encoding="UTF-8"?>
<!-- Generated by org.testng.reporters.JUnitReportReporter -->
<testsuite hostname="DESKTOP-VT2BQ7B" failures="0" tests="1" name="CSS_Value_Validate_Text_Colour.How_To_Verify_The_Element_colour" time="8.846" errors="0" timestamp="2023-03-26T17:45:32 EDT" skipped="0">
  <testcase classname="CSS_Value_Validate_Text_Colour.How_To_Verify_The_Element_colour" name="verifycolour" time="8.846"/>
  <system-out/>
</testsuite> <!-- CSS_Value_Validate_Text_Colour.How_To_Verify_The_Element_colour -->
