<?xml version="1.0" encoding="UTF-8"?>
<!-- Generated by org.testng.reporters.JUnitReportReporter -->
<testsuite hostname="DESKTOP-VT2BQ7B" failures="0" tests="1" name="MouseHoverAction.mouse_hover" time="27.000" errors="0" timestamp="2023-01-27T18:52:44 EST" skipped="0">
  <testcase classname="MouseHoverAction.mouse_hover" name="mousehoveropencart" time="27.000"/>
  <system-out/>
</testsuite> <!-- MouseHoverAction.mouse_hover -->
