<?xml version="1.0" encoding="UTF-8"?>
<!-- Generated by org.testng.reporters.JUnitReportReporter -->
<testsuite hostname="DESKTOP-VT2BQ7B" failures="0" tests="3" name="DemoQA_practice.Doubleclick_rightclick_alert" time="15.903" errors="0" timestamp="2022-09-21T23:53:23 EDT" skipped="0">
  <testcase classname="DemoQA_practice.Doubleclick_rightclick_alert" name="rightclicwith_Alert" time="6.867"/>
  <system-out/>
  <testcase classname="DemoQA_practice.Doubleclick_rightclick_alert" name="rightclick" time="3.570"/>
  <system-out/>
  <testcase classname="DemoQA_practice.Doubleclick_rightclick_alert" name="doubleclick" time="5.466"/>
  <system-out/>
</testsuite> <!-- DemoQA_practice.Doubleclick_rightclick_alert -->
