<?xml version="1.0" encoding="UTF-8"?>
<!-- Generated by org.testng.reporters.JUnitReportReporter -->
<testsuite hostname="DESKTOP-VT2BQ7B" failures="0" tests="1" name="CheckBox_handle.checkBox_handle" time="8.960" errors="0" timestamp="2023-02-04T13:16:19 EST" skipped="0">
  <testcase classname="CheckBox_handle.checkBox_handle" name="Select_checkbox" time="8.960"/>
  <system-out/>
</testsuite> <!-- CheckBox_handle.checkBox_handle -->
