<?xml version="1.0" encoding="UTF-8"?>
<!-- Generated by org.testng.reporters.JUnitReportReporter -->
<testsuite hostname="DESKTOP-VT2BQ7B" failures="0" tests="1" name="DatePicker.datepickerDropdown" time="14.007" errors="0" timestamp="2022-09-21T23:50:30 EDT" skipped="0">
  <testcase classname="DatePicker.datepickerDropdown" name="datepicker_dropdown_Pawan" time="14.007"/>
  <system-out/>
</testsuite> <!-- DatePicker.datepickerDropdown -->
