<?xml version="1.0" encoding="UTF-8"?>
<!-- Generated by org.testng.reporters.JUnitReportReporter -->
<testsuite hostname="DESKTOP-VT2BQ7B" failures="0" tests="2" name="TestNG_Framework.GoogleTitleTestAssertcommand" time="7.397" errors="0" timestamp="2022-08-19T17:20:59 EDT" skipped="0">
  <testcase classname="TestNG_Framework.GoogleTitleTestAssertcommand" name="gogglelogoTest" time="3.963"/>
  <system-out/>
  <testcase classname="TestNG_Framework.GoogleTitleTestAssertcommand" name="googletitletest" time="3.434"/>
  <system-out/>
</testsuite> <!-- TestNG_Framework.GoogleTitleTestAssertcommand -->
