<?xml version="1.0" encoding="UTF-8"?>
<!-- Generated by org.testng.reporters.JUnitReportReporter -->
<testsuite hostname="DESKTOP-VT2BQ7B" failures="0" tests="1" name="TestNG_Framework.ExceptionTimeoutTEst" time="1.044" errors="0" timestamp="2022-08-19T17:18:38 EDT" skipped="0">
  <testcase classname="TestNG_Framework.ExceptionTimeoutTEst" name="test1" time="1.044"/>
  <system-out/>
</testsuite> <!-- TestNG_Framework.ExceptionTimeoutTEst -->
