<?xml version="1.0" encoding="UTF-8"?>
<!-- Generated by org.testng.reporters.JUnitReportReporter -->
<testsuite hostname="DESKTOP-VT2BQ7B" failures="0" tests="1" name="handling_Frame.IframeHandling" time="7.796" errors="0" timestamp="2022-08-26T16:49:58 EDT" skipped="0">
  <testcase classname="handling_Frame.IframeHandling" name="iframe" time="7.796"/>
  <system-out/>
</testsuite> <!-- handling_Frame.IframeHandling -->
