<?xml version="1.0" encoding="UTF-8"?>
<!-- Generated by org.testng.reporters.JUnitReportReporter -->
<testsuite hostname="DESKTOP-VT2BQ7B" failures="0" tests="1" name="CSS_Value_Command.How_To_Verify_The_Element_colour" time="19.659" errors="0" timestamp="2023-01-23T23:46:45 EST" skipped="0">
  <testcase classname="CSS_Value_Command.How_To_Verify_The_Element_colour" name="verifycolour" time="19.659"/>
  <system-out/>
</testsuite> <!-- CSS_Value_Command.How_To_Verify_The_Element_colour -->
