<?xml version="1.0" encoding="UTF-8"?>
<!-- Generated by org.testng.reporters.JUnitReportReporter -->
<testsuite hostname="DESKTOP-VT2BQ7B" failures="0" tests="1" name="CheckBox_handle.checkBox_handle" time="7.337" errors="0" timestamp="2022-09-21T23:51:20 EDT" skipped="0">
  <testcase classname="CheckBox_handle.checkBox_handle" name="Select_checkbox" time="7.337"/>
  <system-out/>
</testsuite> <!-- CheckBox_handle.checkBox_handle -->
