<?xml version="1.0" encoding="UTF-8"?>
<!-- Generated by org.testng.reporters.JUnitReportReporter -->
<testsuite hostname="DESKTOP-VT2BQ7B" failures="0" tests="2" name="Testmavin.practicetestNG" time="18.613" errors="0" timestamp="2022-06-01T11:36:19 EDT" skipped="0">
  <testcase classname="Testmavin.practicetestNG" name="test1" time="7.284"/>
  <system-out/>
  <testcase classname="Testmavin.practicetestNG" name="test2" time="11.329"/>
  <system-out/>
</testsuite> <!-- Testmavin.practicetestNG -->
