<?xml version="1.0" encoding="UTF-8"?>
<!-- Generated by org.testng.reporters.JUnitReportReporter -->
<testsuite hostname="DESKTOP-VT2BQ7B" failures="0" tests="1" name="JavaScriptAlert.blockPermissionBasePopup" time="7.291" errors="0" timestamp="2022-08-26T11:03:10 EDT" skipped="0">
  <testcase classname="JavaScriptAlert.blockPermissionBasePopup" name="Block_permissionBasePopup_Pawan" time="7.291"/>
  <system-out/>
</testsuite> <!-- JavaScriptAlert.blockPermissionBasePopup -->
