<?xml version="1.0" encoding="UTF-8"?>
<!-- Generated by org.testng.reporters.JUnitReportReporter -->
<testsuite hostname="DESKTOP-VT2BQ7B" failures="0" tests="1" name="CheckBox_handle.checkBox_handle" time="10.143" errors="0" timestamp="2023-02-16T22:56:06 EST" skipped="0">
  <testcase classname="CheckBox_handle.checkBox_handle" name="Select_checkbox" time="10.143"/>
  <system-out/>
</testsuite> <!-- CheckBox_handle.checkBox_handle -->
