<?xml version="1.0" encoding="UTF-8"?>
<!-- Generated by org.testng.reporters.JUnitReportReporter -->
<testsuite hostname="DESKTOP-VT2BQ7B" failures="0" tests="1" name="CheckBox_handle.Sukumar" time="13.876" errors="0" timestamp="2023-02-10T19:36:15 EST" skipped="0">
  <testcase classname="CheckBox_handle.Sukumar" name="method" time="13.876"/>
  <system-out/>
</testsuite> <!-- CheckBox_handle.Sukumar -->
