<?xml version="1.0" encoding="UTF-8"?>
<!-- Generated by org.testng.reporters.JUnitReportReporter -->
<testsuite hostname="DESKTOP-VT2BQ7B" failures="0" tests="1" name="ChromeBrowser_116_issue_Fixed" time="12.122" errors="0" timestamp="2023-12-07T20:29:51 EST" skipped="0">
  <testcase classname="ChromeBrowser_116_issue_Fixed" name="ChromeDriverIssue" time="12.122"/>
  <system-out/>
</testsuite> <!-- ChromeBrowser_116_issue_Fixed -->
