<?xml version="1.0" encoding="UTF-8"?>
<!-- Generated by org.testng.reporters.JUnitReportReporter -->
<testsuite hostname="DESKTOP-VT2BQ7B" failures="0" tests="1" name="testng.practicetestng" time="6.892" errors="0" timestamp="2022-05-30T11:08:07 EDT" skipped="0">
  <testcase classname="testng.practicetestng" name="tarlesh" time="6.892"/>
  <system-out/>
</testsuite> <!-- testng.practicetestng -->
