<?xml version="1.0" encoding="UTF-8"?>
<!-- Generated by org.testng.reporters.JUnitReportReporter -->
<testsuite hostname="DESKTOP-VT2BQ7B" failures="0" tests="4" name="TestNG_Framework.TestNG_Framework2" time="25.853" errors="0" timestamp="2022-08-25T18:19:33 EDT" skipped="0">
  <testcase classname="TestNG_Framework.TestNG_Framework2" name="enterusername" time="9.649"/>
  <system-out/>
  <testcase classname="TestNG_Framework.TestNG_Framework2" name="password" time="5.532"/>
  <system-out/>
  <testcase classname="TestNG_Framework.TestNG_Framework2" name="logout" time="5.111"/>
  <system-out/>
  <testcase classname="TestNG_Framework.TestNG_Framework2" name="clicksignin" time="5.561"/>
  <system-out/>
</testsuite> <!-- TestNG_Framework.TestNG_Framework2 -->
