<?xml version="1.0" encoding="UTF-8"?>
<!-- Generated by org.testng.reporters.JUnitReportReporter -->
<testsuite hostname="DESKTOP-VT2BQ7B" failures="0" tests="1" name="JavaScript_Executor.ZoomOUT_ZoomIn_NavennAutomation" time="11.394" errors="0" timestamp="2023-04-04T23:54:05 EDT" skipped="0">
  <testcase classname="JavaScript_Executor.ZoomOUT_ZoomIn_NavennAutomation" name="ZOOMOUT" time="11.394"/>
  <system-out/>
</testsuite> <!-- JavaScript_Executor.ZoomOUT_ZoomIn_NavennAutomation -->
