<?xml version="1.0" encoding="UTF-8"?>
<!-- Generated by org.testng.reporters.JUnitReportReporter -->
<testsuite hostname="DESKTOP-VT2BQ7B" failures="0" tests="1" name="CSS_Value_Validate_Text_Colour.How_To_Verify_The_Element_colour" time="6.983" errors="0" timestamp="2024-05-02T12:19:51 EDT" skipped="0">
  <testcase classname="CSS_Value_Validate_Text_Colour.How_To_Verify_The_Element_colour" name="verifycolour" time="6.983"/>
  <system-out/>
</testsuite> <!-- CSS_Value_Validate_Text_Colour.How_To_Verify_The_Element_colour -->
