<?xml version="1.0" encoding="UTF-8"?>
<!-- Generated by org.testng.reporters.JUnitReportReporter -->
<testsuite hostname="DESKTOP-VT2BQ7B" failures="0" tests="1" name="implicitAndExplicitwait.Explicitwait" time="14.864" errors="0" timestamp="2022-11-07T16:40:20 EST" skipped="0">
  <testcase classname="implicitAndExplicitwait.Explicitwait" name="ExplicitwaitPawan" time="14.864"/>
  <system-out/>
</testsuite> <!-- implicitAndExplicitwait.Explicitwait -->
