<?xml version="1.0" encoding="UTF-8"?>
<!-- Generated by org.testng.reporters.JUnitReportReporter -->
<testsuite hostname="DESKTOP-VT2BQ7B" failures="0" tests="1" name="dropdown.autocomplete_googleplaces_dropdown" time="11.607" errors="0" timestamp="2022-11-30T00:21:41 EST" skipped="0">
  <testcase classname="dropdown.autocomplete_googleplaces_dropdown" name="GoogleAutoComplete" time="11.607"/>
  <system-out/>
</testsuite> <!-- dropdown.autocomplete_googleplaces_dropdown -->
