<?xml version="1.0" encoding="UTF-8"?>
<!-- Generated by org.testng.reporters.JUnitReportReporter -->
<testsuite hostname="DESKTOP-VT2BQ7B" failures="0" tests="3" name="TestNG_Framework.TestNG_Framework1" time="0.022" errors="0" timestamp="2022-06-07T14:15:13 EDT" skipped="0">
  <testcase classname="TestNG_Framework.TestNG_Framework1" name="googletitletest" time="0.015"/>
  <system-out/>
  <testcase classname="TestNG_Framework.TestNG_Framework1" name="searchtest" time="0.005"/>
  <system-out/>
  <testcase classname="TestNG_Framework.TestNG_Framework1" name="googlelogotest" time="0.002"/>
  <system-out/>
</testsuite> <!-- TestNG_Framework.TestNG_Framework1 -->
