<?xml version="1.0" encoding="UTF-8"?>
<!-- Generated by org.testng.reporters.JUnitReportReporter -->
<testsuite hostname="DESKTOP-VT2BQ7B" failures="0" tests="1" name="DatePicker.DatePicker_Pawan" time="10.118" errors="0" timestamp="2022-10-23T20:02:02 EDT" skipped="0">
  <testcase classname="DatePicker.DatePicker_Pawan" name="pawanDatePicker" time="10.118"/>
  <system-out/>
</testsuite> <!-- DatePicker.DatePicker_Pawan -->
