<?xml version="1.0" encoding="UTF-8"?>
<!-- Generated by org.testng.reporters.JUnitReportReporter -->
<testsuite hostname="DESKTOP-VT2BQ7B" failures="0" tests="3" name="MouseHoverAction.Doubleclick_rightclick_alert" time="15.507" errors="0" timestamp="2022-09-14T20:40:02 EDT" skipped="0">
  <testcase classname="MouseHoverAction.Doubleclick_rightclick_alert" name="rightclick" time="3.330"/>
  <system-out/>
  <testcase classname="MouseHoverAction.Doubleclick_rightclick_alert" name="doubleclick" time="5.463"/>
  <system-out/>
  <testcase classname="MouseHoverAction.Doubleclick_rightclick_alert" name="rightclicwith_Alert" time="6.714"/>
  <system-out/>
</testsuite> <!-- MouseHoverAction.Doubleclick_rightclick_alert -->
