<?xml version="1.0" encoding="UTF-8"?>
<!-- Generated by org.testng.reporters.JUnitReportReporter -->
<testsuite hostname="DESKTOP-VT2BQ7B" failures="0" tests="1" name="implicitAndExplicitwait.Explicitwait" time="12.926" errors="0" timestamp="2022-09-19T16:08:24 EDT" skipped="0">
  <testcase classname="implicitAndExplicitwait.Explicitwait" name="ExplicitwaitPawan" time="12.926"/>
  <system-out/>
</testsuite> <!-- implicitAndExplicitwait.Explicitwait -->
