<?xml version="1.0" encoding="UTF-8"?>
<!-- Generated by org.testng.reporters.JUnitReportReporter -->
<testsuite hostname="DESKTOP-VT2BQ7B" failures="0" tests="10" name="TestNG_Framework.InvocationCountTest" time="0.010" errors="0" timestamp="2022-06-07T14:15:13 EDT" skipped="0">
  <testcase classname="TestNG_Framework.InvocationCountTest" name="sum" time="0.001"/>
  <system-out/>
  <testcase classname="TestNG_Framework.InvocationCountTest" name="sum" time="0.002"/>
  <system-out/>
  <testcase classname="TestNG_Framework.InvocationCountTest" name="sum" time="0.001"/>
  <system-out/>
  <testcase classname="TestNG_Framework.InvocationCountTest" name="sum" time="0.000"/>
  <system-out/>
  <testcase classname="TestNG_Framework.InvocationCountTest" name="sum" time="0.002"/>
  <system-out/>
  <testcase classname="TestNG_Framework.InvocationCountTest" name="sum" time="0.001"/>
  <system-out/>
  <testcase classname="TestNG_Framework.InvocationCountTest" name="sum" time="0.000"/>
  <system-out/>
  <testcase classname="TestNG_Framework.InvocationCountTest" name="sum" time="0.001"/>
  <system-out/>
  <testcase classname="TestNG_Framework.InvocationCountTest" name="sum" time="0.001"/>
  <system-out/>
  <testcase classname="TestNG_Framework.InvocationCountTest" name="sum" time="0.001"/>
  <system-out/>
</testsuite> <!-- TestNG_Framework.InvocationCountTest -->
