<?xml version="1.0" encoding="UTF-8"?>
<!-- Generated by org.testng.reporters.JUnitReportReporter -->
<testsuite hostname="DESKTOP-VT2BQ7B" failures="0" tests="1" name="ParameterPassing.parameterTest" time="16.427" errors="0" timestamp="2022-06-08T11:29:46 EDT" skipped="0">
  <testcase classname="ParameterPassing.parameterTest" name="redifflogintest" time="16.427"/>
  <system-out/>
</testsuite> <!-- ParameterPassing.parameterTest -->
