<?xml version="1.0" encoding="UTF-8"?>
<!-- Generated by org.testng.reporters.JUnitReportReporter -->
<testsuite hostname="DESKTOP-VT2BQ7B" failures="0" tests="1" name="MouseHoverAction.mouse_hover" time="8.959" errors="0" timestamp="2022-10-22T18:33:45 EDT" skipped="0">
  <testcase classname="MouseHoverAction.mouse_hover" name="mousehoveropencart" time="8.959"/>
  <system-out/>
</testsuite> <!-- MouseHoverAction.mouse_hover -->
