<?xml version="1.0" encoding="UTF-8"?>
<!-- Generated by org.testng.reporters.JUnitReportReporter -->
<testsuite hostname="DESKTOP-VT2BQ7B" failures="0" tests="1" name="dropdown.autocomplete_googleplaces_dropdown" time="9.140" errors="0" timestamp="2022-09-21T23:52:04 EDT" skipped="0">
  <testcase classname="dropdown.autocomplete_googleplaces_dropdown" name="GoogleAutoComplete" time="9.140"/>
  <system-out/>
</testsuite> <!-- dropdown.autocomplete_googleplaces_dropdown -->
