<?xml version="1.0" encoding="UTF-8"?>
<!-- Generated by org.testng.reporters.JUnitReportReporter -->
<testsuite hostname="DESKTOP-VT2BQ7B" failures="0" tests="2" name="softAssert_TestNG.softassertpractice1" time="0.011" errors="0" timestamp="2023-02-07T00:05:14 EST" skipped="0">
  <testcase classname="softAssert_TestNG.softassertpractice1" name="test1" time="0.010"/>
  <system-out/>
  <testcase classname="softAssert_TestNG.softassertpractice1" name="test2" time="0.001"/>
  <system-out/>
</testsuite> <!-- softAssert_TestNG.softassertpractice1 -->
