<?xml version="1.0" encoding="UTF-8"?>
<!-- Generated by org.testng.reporters.JUnitReportReporter -->
<testsuite hostname="DESKTOP-VT2BQ7B" failures="0" tests="2" name="TestNG_Framework.GoogleTitleTestAssertcommand" time="6.419" errors="0" timestamp="2022-06-07T14:15:13 EDT" skipped="0">
  <testcase classname="TestNG_Framework.GoogleTitleTestAssertcommand" name="googletitletest" time="2.849"/>
  <system-out/>
  <testcase classname="TestNG_Framework.GoogleTitleTestAssertcommand" name="gogglelogoTest" time="3.570"/>
  <system-out/>
</testsuite> <!-- TestNG_Framework.GoogleTitleTestAssertcommand -->
