<?xml version="1.0" encoding="UTF-8"?>
<!-- Generated by org.testng.reporters.JUnitReportReporter -->
<testsuite hostname="DESKTOP-VT2BQ7B" failures="0" tests="1" name="JavaScriptAlert.alert" time="8.700" errors="0" timestamp="2022-08-26T18:39:41 EDT" skipped="0">
  <testcase classname="JavaScriptAlert.alert" name="alertPawan" time="8.700"/>
  <system-out/>
</testsuite> <!-- JavaScriptAlert.alert -->
