<?xml version="1.0" encoding="UTF-8"?>
<!-- Generated by org.testng.reporters.JUnitReportReporter -->
<testsuite hostname="DESKTOP-VT2BQ7B" failures="0" tests="1" name="TestNG_Framework.ExceptionTimeoutTEst" time="1.069" errors="0" timestamp="2022-11-07T13:53:21 EST" skipped="0">
  <testcase classname="TestNG_Framework.ExceptionTimeoutTEst" name="test1" time="1.069"/>
  <system-out/>
</testsuite> <!-- TestNG_Framework.ExceptionTimeoutTEst -->
