<?xml version="1.0" encoding="UTF-8"?>
<!-- Generated by org.testng.reporters.JUnitReportReporter -->
<testsuite hostname="DESKTOP-VT2BQ7B" failures="0" tests="1" name="Sliderhandle.HandleSlidePawan" time="12.770" errors="0" timestamp="2022-11-07T13:48:38 EST" skipped="0">
  <testcase classname="Sliderhandle.HandleSlidePawan" name="SliderPawan" time="12.770"/>
  <system-out/>
</testsuite> <!-- Sliderhandle.HandleSlidePawan -->
