<?xml version="1.0" encoding="UTF-8"?>
<!-- Generated by org.testng.reporters.JUnitReportReporter -->
<testsuite hostname="DESKTOP-VT2BQ7B" failures="0" tests="1" name="dropdown.Autosuggest_dropdown_bingsearch" time="9.106" errors="0" timestamp="2022-10-16T15:05:22 EDT" skipped="0">
  <testcase classname="dropdown.Autosuggest_dropdown_bingsearch" name="autosuggest_Bing" time="9.106"/>
  <system-out/>
</testsuite> <!-- dropdown.Autosuggest_dropdown_bingsearch -->
