<?xml version="1.0" encoding="UTF-8"?>
<!-- Generated by org.testng.reporters.JUnitReportReporter -->
<testsuite hostname="DESKTOP-VT2BQ7B" failures="0" tests="1" name="DatePicker.datepickerDropdown" time="24.572" errors="0" timestamp="2024-05-02T12:29:13 EDT" skipped="0">
  <testcase classname="DatePicker.datepickerDropdown" name="datepicker_dropdown_Pawan" time="24.572"/>
  <system-out/>
</testsuite> <!-- DatePicker.datepickerDropdown -->
