<?xml version="1.0" encoding="UTF-8"?>
<!-- Generated by org.testng.reporters.JUnitReportReporter -->
<testsuite hostname="DESKTOP-VT2BQ7B" failures="0" tests="3" name="Daily_Practice.demoqa_Practice" time="31.694" errors="0" timestamp="2022-07-25T14:48:38 EDT" skipped="0">
  <testcase classname="Daily_Practice.demoqa_Practice" name="doubleclick" time="11.309"/>
  <system-out/>
  <testcase classname="Daily_Practice.demoqa_Practice" name="rightclick" time="13.302"/>
  <system-out/>
  <testcase classname="Daily_Practice.demoqa_Practice" name="rightclicwithalert" time="7.083"/>
  <system-out/>
</testsuite> <!-- Daily_Practice.demoqa_Practice -->
