<?xml version="1.0" encoding="UTF-8"?>
<!-- Generated by org.testng.reporters.JUnitReportReporter -->
<testsuite hostname="DESKTOP-VT2BQ7B" failures="0" tests="1" name="keyboard_Actuions.Keyboard_Actions" time="12.595" errors="0" timestamp="2023-01-18T22:52:16 EST" skipped="0">
  <testcase classname="keyboard_Actuions.Keyboard_Actions" name="keyboardaction" time="12.595"/>
  <system-out/>
</testsuite> <!-- keyboard_Actuions.Keyboard_Actions -->
