<?xml version="1.0" encoding="UTF-8"?>
<!-- Generated by org.testng.reporters.JUnitReportReporter -->
<testsuite hostname="DESKTOP-VT2BQ7B" failures="0" tests="3" name="TestNG_Framework.testngFramework_1" time="0.014" errors="0" timestamp="2022-06-02T11:11:49 EDT" skipped="0">
  <testcase classname="TestNG_Framework.testngFramework_1" name="googletitletest" time="0.007"/>
  <system-out/>
  <testcase classname="TestNG_Framework.testngFramework_1" name="searchtest" time="0.003"/>
  <system-out/>
  <testcase classname="TestNG_Framework.testngFramework_1" name="googlelogotest" time="0.004"/>
  <system-out/>
</testsuite> <!-- TestNG_Framework.testngFramework_1 -->
