<?xml version="1.0" encoding="UTF-8"?>
<!-- Generated by org.testng.reporters.JUnitReportReporter -->
<testsuite hostname="DESKTOP-VT2BQ7B" failures="0" tests="3" name="DemoQA_practice.Doubleclick_rightclick_alert" time="23.771" errors="0" timestamp="2024-05-24T21:15:07 EDT" skipped="0">
  <testcase classname="DemoQA_practice.Doubleclick_rightclick_alert" name="rightclicwith_Alert" time="6.980"/>
  <system-out/>
  <testcase classname="DemoQA_practice.Doubleclick_rightclick_alert" name="doubleclick" time="10.507"/>
  <system-out/>
  <testcase classname="DemoQA_practice.Doubleclick_rightclick_alert" name="rightclick" time="6.284"/>
  <system-out/>
</testsuite> <!-- DemoQA_practice.Doubleclick_rightclick_alert -->
