<?xml version="1.0" encoding="UTF-8"?>
<!-- Generated by org.testng.reporters.JUnitReportReporter -->
<testsuite hostname="DESKTOP-VT2BQ7B" failures="0" tests="1" name="dropdown.autocomplete_googleplaces_dropdown" time="22.662" errors="0" timestamp="2024-05-02T15:30:22 EDT" skipped="0">
  <testcase classname="dropdown.autocomplete_googleplaces_dropdown" name="GoogleAutoComplete" time="22.662"/>
  <system-out/>
</testsuite> <!-- dropdown.autocomplete_googleplaces_dropdown -->
