<?xml version="1.0" encoding="UTF-8"?>
<!-- Generated by org.testng.reporters.JUnitReportReporter -->
<testsuite hostname="DESKTOP-VT2BQ7B" failures="0" tests="1" name="Sliderhandle.HandleSlidePawan" time="10.351" errors="0" timestamp="2022-09-19T16:37:54 EDT" skipped="0">
  <testcase classname="Sliderhandle.HandleSlidePawan" name="SliderPawan" time="10.351"/>
  <system-out/>
</testsuite> <!-- Sliderhandle.HandleSlidePawan -->
