<?xml version="1.0" encoding="UTF-8"?>
<!-- Generated by org.testng.reporters.JUnitReportReporter -->
<testsuite hostname="DESKTOP-VT2BQ7B" failures="0" tests="1" name="CheckBox_handle.DemoQA_multipleCheckbox" time="21.402" errors="0" timestamp="2024-05-02T12:19:00 EDT" skipped="0">
  <testcase classname="CheckBox_handle.DemoQA_multipleCheckbox" name="Multiple_checkbox" time="21.402"/>
  <system-out/>
</testsuite> <!-- CheckBox_handle.DemoQA_multipleCheckbox -->
