<?xml version="1.0" encoding="UTF-8"?>
<!-- Generated by org.testng.reporters.JUnitReportReporter -->
<testsuite hostname="DESKTOP-VT2BQ7B" failures="0" tests="1" name="keyboard_Actuions.Multiplekey_action" time="8.892" errors="0" timestamp="2022-09-21T23:56:35 EDT" skipped="0">
  <testcase classname="keyboard_Actuions.Multiplekey_action" name="Multiplekey_operation" time="8.892"/>
  <system-out/>
</testsuite> <!-- keyboard_Actuions.Multiplekey_action -->
