<?xml version="1.0" encoding="UTF-8"?>
<!-- Generated by org.testng.reporters.JUnitReportReporter -->
<testsuite hostname="DESKTOP-VT2BQ7B" failures="0" tests="1" name="JavaScriptAlert.alert" time="6.017" errors="0" timestamp="2022-11-07T16:31:51 EST" skipped="0">
  <testcase classname="JavaScriptAlert.alert" name="alertPawan" time="6.017"/>
  <system-out/>
</testsuite> <!-- JavaScriptAlert.alert -->
